ARM GAS  C:\Users\ALVAROGA\AppData\Local\Temp\ccqSKZA7.s 			page 1


   1              		.syntax unified
   2              		.cpu cortex-m3
   3              		.fpu softvfp
   4              		.eabi_attribute 20, 1
   5              		.eabi_attribute 21, 1
   6              		.eabi_attribute 23, 3
   7              		.eabi_attribute 24, 1
   8              		.eabi_attribute 25, 1
   9              		.eabi_attribute 26, 1
  10              		.eabi_attribute 30, 1
  11              		.eabi_attribute 34, 1
  12              		.eabi_attribute 18, 4
  13              		.thumb
  14              		.syntax unified
  15              		.file	"Filter_1_PVT.c"
  16              		.text
  17              	.Ltext0:
  18              		.cfi_sections	.debug_frame
  19              		.section	.text.Filter_1_SetInterruptMode,"ax",%progbits
  20              		.align	2
  21              		.global	Filter_1_SetInterruptMode
  22              		.thumb
  23              		.thumb_func
  24              		.type	Filter_1_SetInterruptMode, %function
  25              	Filter_1_SetInterruptMode:
  26              	.LFB0:
  27              		.file 1 "Generated_Source\\PSoC5\\Filter_1_PVT.c"
   1:Generated_Source\PSoC5/Filter_1_PVT.c **** /*******************************************************************************
   2:Generated_Source\PSoC5/Filter_1_PVT.c **** * File Name: Filter_1_PVT.c
   3:Generated_Source\PSoC5/Filter_1_PVT.c **** * Version 2.30
   4:Generated_Source\PSoC5/Filter_1_PVT.c **** *
   5:Generated_Source\PSoC5/Filter_1_PVT.c **** * Description:
   6:Generated_Source\PSoC5/Filter_1_PVT.c **** *  This file provides source code for FILT component internal functions.
   7:Generated_Source\PSoC5/Filter_1_PVT.c **** *
   8:Generated_Source\PSoC5/Filter_1_PVT.c **** * Note:
   9:Generated_Source\PSoC5/Filter_1_PVT.c **** *  
  10:Generated_Source\PSoC5/Filter_1_PVT.c **** *******************************************************************************
  11:Generated_Source\PSoC5/Filter_1_PVT.c **** * Copyright 2008-2013, Cypress Semiconductor Corporation.  All rights reserved.
  12:Generated_Source\PSoC5/Filter_1_PVT.c **** * You may use this file only in accordance with the license, terms, conditions, 
  13:Generated_Source\PSoC5/Filter_1_PVT.c **** * disclaimers, and limitations in the end user license agreement accompanying 
  14:Generated_Source\PSoC5/Filter_1_PVT.c **** * the software package with which this file was provided.
  15:Generated_Source\PSoC5/Filter_1_PVT.c **** ********************************************************************************/
  16:Generated_Source\PSoC5/Filter_1_PVT.c **** 
  17:Generated_Source\PSoC5/Filter_1_PVT.c **** #include "Filter_1_PVT.h"
  18:Generated_Source\PSoC5/Filter_1_PVT.c **** 
  19:Generated_Source\PSoC5/Filter_1_PVT.c **** 
  20:Generated_Source\PSoC5/Filter_1_PVT.c **** /*******************************************************************************
  21:Generated_Source\PSoC5/Filter_1_PVT.c **** * Function Name: Filter_1_SetInterruptMode
  22:Generated_Source\PSoC5/Filter_1_PVT.c **** ********************************************************************************
  23:Generated_Source\PSoC5/Filter_1_PVT.c **** *
  24:Generated_Source\PSoC5/Filter_1_PVT.c **** * Summary:
  25:Generated_Source\PSoC5/Filter_1_PVT.c **** *  Assign the events which will trigger a DFB interrupt to be triggered. 
  26:Generated_Source\PSoC5/Filter_1_PVT.c **** *
  27:Generated_Source\PSoC5/Filter_1_PVT.c **** * Parameters:  
  28:Generated_Source\PSoC5/Filter_1_PVT.c **** *  events:  Bits [0:5] of events represent the events which will trigger DFB
  29:Generated_Source\PSoC5/Filter_1_PVT.c **** *           interrupts.
  30:Generated_Source\PSoC5/Filter_1_PVT.c **** *            Bit 0 - Output value ready in the holding register on channel A
ARM GAS  C:\Users\ALVAROGA\AppData\Local\Temp\ccqSKZA7.s 			page 2


  31:Generated_Source\PSoC5/Filter_1_PVT.c **** *            Bit 1 - Output value ready in the holding register on channel B
  32:Generated_Source\PSoC5/Filter_1_PVT.c **** *            Bit 2 - '1' written to Semaphore 0  - See Note
  33:Generated_Source\PSoC5/Filter_1_PVT.c **** *            Bit 3 - '1' written to Semaphore 1  - See Note
  34:Generated_Source\PSoC5/Filter_1_PVT.c **** *            Bit 4 - '1' written to Semaphore 2
  35:Generated_Source\PSoC5/Filter_1_PVT.c **** *
  36:Generated_Source\PSoC5/Filter_1_PVT.c **** * Return: 
  37:Generated_Source\PSoC5/Filter_1_PVT.c **** *  void
  38:Generated_Source\PSoC5/Filter_1_PVT.c **** *
  39:Generated_Source\PSoC5/Filter_1_PVT.c **** * Note:
  40:Generated_Source\PSoC5/Filter_1_PVT.c **** *  Semaphore 0 and Semaphore 1 should not be configured as both a DMA request 
  41:Generated_Source\PSoC5/Filter_1_PVT.c **** *  and an interrupt event, because, after one clock cycle, the system 
  42:Generated_Source\PSoC5/Filter_1_PVT.c **** *  automatically clears any semaphore which triggered a DMA request.
  43:Generated_Source\PSoC5/Filter_1_PVT.c **** *
  44:Generated_Source\PSoC5/Filter_1_PVT.c **** *******************************************************************************/
  45:Generated_Source\PSoC5/Filter_1_PVT.c **** void Filter_1_SetInterruptMode(uint8 events) 
  46:Generated_Source\PSoC5/Filter_1_PVT.c **** {
  28              		.loc 1 46 0
  29              		.cfi_startproc
  30              		@ args = 0, pretend = 0, frame = 0
  31              		@ frame_needed = 0, uses_anonymous_args = 0
  32              		@ link register save eliminated.
  33              	.LVL0:
  47:Generated_Source\PSoC5/Filter_1_PVT.c ****     events &= Filter_1_EVENT_MASK;
  34              		.loc 1 47 0
  35 0000 00F01F00 		and	r0, r0, #31
  36              	.LVL1:
  48:Generated_Source\PSoC5/Filter_1_PVT.c ****     Filter_1_INT_CTRL_REG = events;
  37              		.loc 1 48 0
  38 0004 014B     		ldr	r3, .L2
  39 0006 1870     		strb	r0, [r3]
  40 0008 7047     		bx	lr
  41              	.L3:
  42 000a 00BF     		.align	2
  43              	.L2:
  44 000c 98C70040 		.word	1073792920
  45              		.cfi_endproc
  46              	.LFE0:
  47              		.size	Filter_1_SetInterruptMode, .-Filter_1_SetInterruptMode
  48              		.section	.text.Filter_1_SetDMAMode,"ax",%progbits
  49              		.align	2
  50              		.global	Filter_1_SetDMAMode
  51              		.thumb
  52              		.thumb_func
  53              		.type	Filter_1_SetDMAMode, %function
  54              	Filter_1_SetDMAMode:
  55              	.LFB1:
  49:Generated_Source\PSoC5/Filter_1_PVT.c **** }
  50:Generated_Source\PSoC5/Filter_1_PVT.c **** 
  51:Generated_Source\PSoC5/Filter_1_PVT.c **** 
  52:Generated_Source\PSoC5/Filter_1_PVT.c **** /*******************************************************************************
  53:Generated_Source\PSoC5/Filter_1_PVT.c **** * Function Name: Filter_1_SetDMAMode
  54:Generated_Source\PSoC5/Filter_1_PVT.c **** ********************************************************************************
  55:Generated_Source\PSoC5/Filter_1_PVT.c **** *
  56:Generated_Source\PSoC5/Filter_1_PVT.c **** * Summary:
  57:Generated_Source\PSoC5/Filter_1_PVT.c **** *  Assign the events which will trigger a DMA request for the DFB.  There are 
  58:Generated_Source\PSoC5/Filter_1_PVT.c **** *  two different DMA requests that can be triggered.
  59:Generated_Source\PSoC5/Filter_1_PVT.c **** *
ARM GAS  C:\Users\ALVAROGA\AppData\Local\Temp\ccqSKZA7.s 			page 3


  60:Generated_Source\PSoC5/Filter_1_PVT.c **** * Parameters:  
  61:Generated_Source\PSoC5/Filter_1_PVT.c **** *  events:  A set of 4 bits which configure what event, if any, triggers a DMA 
  62:Generated_Source\PSoC5/Filter_1_PVT.c **** *           request for the DFB.  
  63:Generated_Source\PSoC5/Filter_1_PVT.c **** *           Bits [0:1] configure the trigger for DMA Request 1
  64:Generated_Source\PSoC5/Filter_1_PVT.c **** *           Bits [2:3] configure the trigger for DMA Request 2
  65:Generated_Source\PSoC5/Filter_1_PVT.c **** *            DMA Request 1: 
  66:Generated_Source\PSoC5/Filter_1_PVT.c **** *               0 - no request will be generated
  67:Generated_Source\PSoC5/Filter_1_PVT.c **** *               1 - Output value ready in the holding register on channel A
  68:Generated_Source\PSoC5/Filter_1_PVT.c **** *               2 - Semaphore 0
  69:Generated_Source\PSoC5/Filter_1_PVT.c **** *               3 - Sempahore 1
  70:Generated_Source\PSoC5/Filter_1_PVT.c **** *            DMA Request 2: 
  71:Generated_Source\PSoC5/Filter_1_PVT.c **** *               0 - no request will be generated
  72:Generated_Source\PSoC5/Filter_1_PVT.c **** *               1 - Output value ready in the holding register on channel B
  73:Generated_Source\PSoC5/Filter_1_PVT.c **** *               2 - Semaphore 0
  74:Generated_Source\PSoC5/Filter_1_PVT.c **** *               3 - Sempahore 1
  75:Generated_Source\PSoC5/Filter_1_PVT.c **** *
  76:Generated_Source\PSoC5/Filter_1_PVT.c **** * Return: 
  77:Generated_Source\PSoC5/Filter_1_PVT.c **** *  void
  78:Generated_Source\PSoC5/Filter_1_PVT.c **** *
  79:Generated_Source\PSoC5/Filter_1_PVT.c **** * Note:
  80:Generated_Source\PSoC5/Filter_1_PVT.c **** *  Semaphore 0 and Semaphore 1 should not be configured as both a DMA request 
  81:Generated_Source\PSoC5/Filter_1_PVT.c **** *  and an interrupt event, because, after one clock cycle, the system 
  82:Generated_Source\PSoC5/Filter_1_PVT.c **** *  automatically clears any semaphore which triggered a DMA request.
  83:Generated_Source\PSoC5/Filter_1_PVT.c **** *
  84:Generated_Source\PSoC5/Filter_1_PVT.c **** *******************************************************************************/
  85:Generated_Source\PSoC5/Filter_1_PVT.c **** void Filter_1_SetDMAMode(uint8 events) 
  86:Generated_Source\PSoC5/Filter_1_PVT.c **** {
  56              		.loc 1 86 0
  57              		.cfi_startproc
  58              		@ args = 0, pretend = 0, frame = 0
  59              		@ frame_needed = 0, uses_anonymous_args = 0
  60              		@ link register save eliminated.
  61              	.LVL2:
  87:Generated_Source\PSoC5/Filter_1_PVT.c ****     events &= Filter_1_DMA_CTRL_MASK;
  62              		.loc 1 87 0
  63 0000 00F00F00 		and	r0, r0, #15
  64              	.LVL3:
  88:Generated_Source\PSoC5/Filter_1_PVT.c ****     Filter_1_DMA_CTRL_REG = events;
  65              		.loc 1 88 0
  66 0004 014B     		ldr	r3, .L5
  67 0006 1870     		strb	r0, [r3]
  68 0008 7047     		bx	lr
  69              	.L6:
  70 000a 00BF     		.align	2
  71              	.L5:
  72 000c 9CC70040 		.word	1073792924
  73              		.cfi_endproc
  74              	.LFE1:
  75              		.size	Filter_1_SetDMAMode, .-Filter_1_SetDMAMode
  76              		.text
  77              	.Letext0:
  78              		.file 2 "Generated_Source\\PSoC5\\cytypes.h"
  79              		.section	.debug_info,"",%progbits
  80              	.Ldebug_info0:
  81 0000 EE000000 		.4byte	0xee
  82 0004 0400     		.2byte	0x4
  83 0006 00000000 		.4byte	.Ldebug_abbrev0
ARM GAS  C:\Users\ALVAROGA\AppData\Local\Temp\ccqSKZA7.s 			page 4


  84 000a 04       		.byte	0x4
  85 000b 01       		.uleb128 0x1
  86 000c 5B000000 		.4byte	.LASF17
  87 0010 0C       		.byte	0xc
  88 0011 35000000 		.4byte	.LASF18
  89 0015 9F010000 		.4byte	.LASF19
  90 0019 00000000 		.4byte	.Ldebug_ranges0+0
  91 001d 00000000 		.4byte	0
  92 0021 00000000 		.4byte	.Ldebug_line0
  93 0025 02       		.uleb128 0x2
  94 0026 04       		.byte	0x4
  95 0027 05       		.byte	0x5
  96 0028 696E7400 		.ascii	"int\000"
  97 002c 03       		.uleb128 0x3
  98 002d 04       		.byte	0x4
  99 002e 07       		.byte	0x7
 100 002f 0E000000 		.4byte	.LASF0
 101 0033 03       		.uleb128 0x3
 102 0034 08       		.byte	0x8
 103 0035 05       		.byte	0x5
 104 0036 00000000 		.4byte	.LASF1
 105 003a 03       		.uleb128 0x3
 106 003b 08       		.byte	0x8
 107 003c 04       		.byte	0x4
 108 003d 7F010000 		.4byte	.LASF2
 109 0041 03       		.uleb128 0x3
 110 0042 01       		.byte	0x1
 111 0043 06       		.byte	0x6
 112 0044 73010000 		.4byte	.LASF3
 113 0048 03       		.uleb128 0x3
 114 0049 01       		.byte	0x1
 115 004a 08       		.byte	0x8
 116 004b 33010000 		.4byte	.LASF4
 117 004f 03       		.uleb128 0x3
 118 0050 02       		.byte	0x2
 119 0051 05       		.byte	0x5
 120 0052 4F010000 		.4byte	.LASF5
 121 0056 03       		.uleb128 0x3
 122 0057 02       		.byte	0x2
 123 0058 07       		.byte	0x7
 124 0059 60010000 		.4byte	.LASF6
 125 005d 03       		.uleb128 0x3
 126 005e 04       		.byte	0x4
 127 005f 05       		.byte	0x5
 128 0060 46010000 		.4byte	.LASF7
 129 0064 03       		.uleb128 0x3
 130 0065 04       		.byte	0x4
 131 0066 07       		.byte	0x7
 132 0067 EF000000 		.4byte	.LASF8
 133 006b 03       		.uleb128 0x3
 134 006c 08       		.byte	0x8
 135 006d 07       		.byte	0x7
 136 006e 01010000 		.4byte	.LASF9
 137 0072 03       		.uleb128 0x3
 138 0073 04       		.byte	0x4
 139 0074 07       		.byte	0x7
 140 0075 8B010000 		.4byte	.LASF10
ARM GAS  C:\Users\ALVAROGA\AppData\Local\Temp\ccqSKZA7.s 			page 5


 141 0079 03       		.uleb128 0x3
 142 007a 01       		.byte	0x1
 143 007b 08       		.byte	0x8
 144 007c 41010000 		.4byte	.LASF11
 145 0080 04       		.uleb128 0x4
 146 0081 E9000000 		.4byte	.LASF14
 147 0085 02       		.byte	0x2
 148 0086 E901     		.2byte	0x1e9
 149 0088 48000000 		.4byte	0x48
 150 008c 03       		.uleb128 0x3
 151 008d 04       		.byte	0x4
 152 008e 04       		.byte	0x4
 153 008f 94010000 		.4byte	.LASF12
 154 0093 03       		.uleb128 0x3
 155 0094 08       		.byte	0x8
 156 0095 04       		.byte	0x4
 157 0096 59010000 		.4byte	.LASF13
 158 009a 04       		.uleb128 0x4
 159 009b 9A010000 		.4byte	.LASF15
 160 009f 02       		.byte	0x2
 161 00a0 9302     		.2byte	0x293
 162 00a2 A6000000 		.4byte	0xa6
 163 00a6 05       		.uleb128 0x5
 164 00a7 80000000 		.4byte	0x80
 165 00ab 06       		.uleb128 0x6
 166 00ac 1B000000 		.4byte	.LASF20
 167 00b0 01       		.byte	0x1
 168 00b1 2D       		.byte	0x2d
 169 00b2 00000000 		.4byte	.LFB0
 170 00b6 10000000 		.4byte	.LFE0-.LFB0
 171 00ba 01       		.uleb128 0x1
 172 00bb 9C       		.byte	0x9c
 173 00bc D0000000 		.4byte	0xd0
 174 00c0 07       		.uleb128 0x7
 175 00c1 18010000 		.4byte	.LASF16
 176 00c5 01       		.byte	0x1
 177 00c6 2D       		.byte	0x2d
 178 00c7 80000000 		.4byte	0x80
 179 00cb 00000000 		.4byte	.LLST0
 180 00cf 00       		.byte	0
 181 00d0 08       		.uleb128 0x8
 182 00d1 1F010000 		.4byte	.LASF21
 183 00d5 01       		.byte	0x1
 184 00d6 55       		.byte	0x55
 185 00d7 00000000 		.4byte	.LFB1
 186 00db 10000000 		.4byte	.LFE1-.LFB1
 187 00df 01       		.uleb128 0x1
 188 00e0 9C       		.byte	0x9c
 189 00e1 07       		.uleb128 0x7
 190 00e2 18010000 		.4byte	.LASF16
 191 00e6 01       		.byte	0x1
 192 00e7 55       		.byte	0x55
 193 00e8 80000000 		.4byte	0x80
 194 00ec 1E000000 		.4byte	.LLST1
 195 00f0 00       		.byte	0
 196 00f1 00       		.byte	0
 197              		.section	.debug_abbrev,"",%progbits
ARM GAS  C:\Users\ALVAROGA\AppData\Local\Temp\ccqSKZA7.s 			page 6


 198              	.Ldebug_abbrev0:
 199 0000 01       		.uleb128 0x1
 200 0001 11       		.uleb128 0x11
 201 0002 01       		.byte	0x1
 202 0003 25       		.uleb128 0x25
 203 0004 0E       		.uleb128 0xe
 204 0005 13       		.uleb128 0x13
 205 0006 0B       		.uleb128 0xb
 206 0007 03       		.uleb128 0x3
 207 0008 0E       		.uleb128 0xe
 208 0009 1B       		.uleb128 0x1b
 209 000a 0E       		.uleb128 0xe
 210 000b 55       		.uleb128 0x55
 211 000c 17       		.uleb128 0x17
 212 000d 11       		.uleb128 0x11
 213 000e 01       		.uleb128 0x1
 214 000f 10       		.uleb128 0x10
 215 0010 17       		.uleb128 0x17
 216 0011 00       		.byte	0
 217 0012 00       		.byte	0
 218 0013 02       		.uleb128 0x2
 219 0014 24       		.uleb128 0x24
 220 0015 00       		.byte	0
 221 0016 0B       		.uleb128 0xb
 222 0017 0B       		.uleb128 0xb
 223 0018 3E       		.uleb128 0x3e
 224 0019 0B       		.uleb128 0xb
 225 001a 03       		.uleb128 0x3
 226 001b 08       		.uleb128 0x8
 227 001c 00       		.byte	0
 228 001d 00       		.byte	0
 229 001e 03       		.uleb128 0x3
 230 001f 24       		.uleb128 0x24
 231 0020 00       		.byte	0
 232 0021 0B       		.uleb128 0xb
 233 0022 0B       		.uleb128 0xb
 234 0023 3E       		.uleb128 0x3e
 235 0024 0B       		.uleb128 0xb
 236 0025 03       		.uleb128 0x3
 237 0026 0E       		.uleb128 0xe
 238 0027 00       		.byte	0
 239 0028 00       		.byte	0
 240 0029 04       		.uleb128 0x4
 241 002a 16       		.uleb128 0x16
 242 002b 00       		.byte	0
 243 002c 03       		.uleb128 0x3
 244 002d 0E       		.uleb128 0xe
 245 002e 3A       		.uleb128 0x3a
 246 002f 0B       		.uleb128 0xb
 247 0030 3B       		.uleb128 0x3b
 248 0031 05       		.uleb128 0x5
 249 0032 49       		.uleb128 0x49
 250 0033 13       		.uleb128 0x13
 251 0034 00       		.byte	0
 252 0035 00       		.byte	0
 253 0036 05       		.uleb128 0x5
 254 0037 35       		.uleb128 0x35
ARM GAS  C:\Users\ALVAROGA\AppData\Local\Temp\ccqSKZA7.s 			page 7


 255 0038 00       		.byte	0
 256 0039 49       		.uleb128 0x49
 257 003a 13       		.uleb128 0x13
 258 003b 00       		.byte	0
 259 003c 00       		.byte	0
 260 003d 06       		.uleb128 0x6
 261 003e 2E       		.uleb128 0x2e
 262 003f 01       		.byte	0x1
 263 0040 3F       		.uleb128 0x3f
 264 0041 19       		.uleb128 0x19
 265 0042 03       		.uleb128 0x3
 266 0043 0E       		.uleb128 0xe
 267 0044 3A       		.uleb128 0x3a
 268 0045 0B       		.uleb128 0xb
 269 0046 3B       		.uleb128 0x3b
 270 0047 0B       		.uleb128 0xb
 271 0048 27       		.uleb128 0x27
 272 0049 19       		.uleb128 0x19
 273 004a 11       		.uleb128 0x11
 274 004b 01       		.uleb128 0x1
 275 004c 12       		.uleb128 0x12
 276 004d 06       		.uleb128 0x6
 277 004e 40       		.uleb128 0x40
 278 004f 18       		.uleb128 0x18
 279 0050 9742     		.uleb128 0x2117
 280 0052 19       		.uleb128 0x19
 281 0053 01       		.uleb128 0x1
 282 0054 13       		.uleb128 0x13
 283 0055 00       		.byte	0
 284 0056 00       		.byte	0
 285 0057 07       		.uleb128 0x7
 286 0058 05       		.uleb128 0x5
 287 0059 00       		.byte	0
 288 005a 03       		.uleb128 0x3
 289 005b 0E       		.uleb128 0xe
 290 005c 3A       		.uleb128 0x3a
 291 005d 0B       		.uleb128 0xb
 292 005e 3B       		.uleb128 0x3b
 293 005f 0B       		.uleb128 0xb
 294 0060 49       		.uleb128 0x49
 295 0061 13       		.uleb128 0x13
 296 0062 02       		.uleb128 0x2
 297 0063 17       		.uleb128 0x17
 298 0064 00       		.byte	0
 299 0065 00       		.byte	0
 300 0066 08       		.uleb128 0x8
 301 0067 2E       		.uleb128 0x2e
 302 0068 01       		.byte	0x1
 303 0069 3F       		.uleb128 0x3f
 304 006a 19       		.uleb128 0x19
 305 006b 03       		.uleb128 0x3
 306 006c 0E       		.uleb128 0xe
 307 006d 3A       		.uleb128 0x3a
 308 006e 0B       		.uleb128 0xb
 309 006f 3B       		.uleb128 0x3b
 310 0070 0B       		.uleb128 0xb
 311 0071 27       		.uleb128 0x27
ARM GAS  C:\Users\ALVAROGA\AppData\Local\Temp\ccqSKZA7.s 			page 8


 312 0072 19       		.uleb128 0x19
 313 0073 11       		.uleb128 0x11
 314 0074 01       		.uleb128 0x1
 315 0075 12       		.uleb128 0x12
 316 0076 06       		.uleb128 0x6
 317 0077 40       		.uleb128 0x40
 318 0078 18       		.uleb128 0x18
 319 0079 9742     		.uleb128 0x2117
 320 007b 19       		.uleb128 0x19
 321 007c 00       		.byte	0
 322 007d 00       		.byte	0
 323 007e 00       		.byte	0
 324              		.section	.debug_loc,"",%progbits
 325              	.Ldebug_loc0:
 326              	.LLST0:
 327 0000 00000000 		.4byte	.LVL0
 328 0004 04000000 		.4byte	.LVL1
 329 0008 0100     		.2byte	0x1
 330 000a 50       		.byte	0x50
 331 000b 04000000 		.4byte	.LVL1
 332 000f 10000000 		.4byte	.LFE0
 333 0013 0100     		.2byte	0x1
 334 0015 50       		.byte	0x50
 335 0016 00000000 		.4byte	0
 336 001a 00000000 		.4byte	0
 337              	.LLST1:
 338 001e 00000000 		.4byte	.LVL2
 339 0022 04000000 		.4byte	.LVL3
 340 0026 0100     		.2byte	0x1
 341 0028 50       		.byte	0x50
 342 0029 04000000 		.4byte	.LVL3
 343 002d 10000000 		.4byte	.LFE1
 344 0031 0100     		.2byte	0x1
 345 0033 50       		.byte	0x50
 346 0034 00000000 		.4byte	0
 347 0038 00000000 		.4byte	0
 348              		.section	.debug_aranges,"",%progbits
 349 0000 24000000 		.4byte	0x24
 350 0004 0200     		.2byte	0x2
 351 0006 00000000 		.4byte	.Ldebug_info0
 352 000a 04       		.byte	0x4
 353 000b 00       		.byte	0
 354 000c 0000     		.2byte	0
 355 000e 0000     		.2byte	0
 356 0010 00000000 		.4byte	.LFB0
 357 0014 10000000 		.4byte	.LFE0-.LFB0
 358 0018 00000000 		.4byte	.LFB1
 359 001c 10000000 		.4byte	.LFE1-.LFB1
 360 0020 00000000 		.4byte	0
 361 0024 00000000 		.4byte	0
 362              		.section	.debug_ranges,"",%progbits
 363              	.Ldebug_ranges0:
 364 0000 00000000 		.4byte	.LFB0
 365 0004 10000000 		.4byte	.LFE0
 366 0008 00000000 		.4byte	.LFB1
 367 000c 10000000 		.4byte	.LFE1
 368 0010 00000000 		.4byte	0
ARM GAS  C:\Users\ALVAROGA\AppData\Local\Temp\ccqSKZA7.s 			page 9


 369 0014 00000000 		.4byte	0
 370              		.section	.debug_line,"",%progbits
 371              	.Ldebug_line0:
 372 0000 72000000 		.section	.debug_str,"MS",%progbits,1
 372      02004900 
 372      00000201 
 372      FB0E0D00 
 372      01010101 
 373              	.LASF1:
 374 0000 6C6F6E67 		.ascii	"long long int\000"
 374      206C6F6E 
 374      6720696E 
 374      7400
 375              	.LASF0:
 376 000e 756E7369 		.ascii	"unsigned int\000"
 376      676E6564 
 376      20696E74 
 376      00
 377              	.LASF20:
 378 001b 46696C74 		.ascii	"Filter_1_SetInterruptMode\000"
 378      65725F31 
 378      5F536574 
 378      496E7465 
 378      72727570 
 379              	.LASF18:
 380 0035 47656E65 		.ascii	"Generated_Source\\PSoC5\\Filter_1_PVT.c\000"
 380      72617465 
 380      645F536F 
 380      75726365 
 380      5C50536F 
 381              	.LASF17:
 382 005b 474E5520 		.ascii	"GNU C11 5.4.1 20160609 (release) [ARM/embedded-5-br"
 382      43313120 
 382      352E342E 
 382      31203230 
 382      31363036 
 383 008e 616E6368 		.ascii	"anch revision 237715] -mcpu=cortex-m3 -mthumb -g -O"
 383      20726576 
 383      6973696F 
 383      6E203233 
 383      37373135 
 384 00c1 67202D66 		.ascii	"g -ffunction-sections -ffat-lto-objects\000"
 384      66756E63 
 384      74696F6E 
 384      2D736563 
 384      74696F6E 
 385              	.LASF14:
 386 00e9 75696E74 		.ascii	"uint8\000"
 386      3800
 387              	.LASF8:
 388 00ef 6C6F6E67 		.ascii	"long unsigned int\000"
 388      20756E73 
 388      69676E65 
 388      6420696E 
 388      7400
 389              	.LASF9:
 390 0101 6C6F6E67 		.ascii	"long long unsigned int\000"
ARM GAS  C:\Users\ALVAROGA\AppData\Local\Temp\ccqSKZA7.s 			page 10


 390      206C6F6E 
 390      6720756E 
 390      7369676E 
 390      65642069 
 391              	.LASF16:
 392 0118 6576656E 		.ascii	"events\000"
 392      747300
 393              	.LASF21:
 394 011f 46696C74 		.ascii	"Filter_1_SetDMAMode\000"
 394      65725F31 
 394      5F536574 
 394      444D414D 
 394      6F646500 
 395              	.LASF4:
 396 0133 756E7369 		.ascii	"unsigned char\000"
 396      676E6564 
 396      20636861 
 396      7200
 397              	.LASF11:
 398 0141 63686172 		.ascii	"char\000"
 398      00
 399              	.LASF7:
 400 0146 6C6F6E67 		.ascii	"long int\000"
 400      20696E74 
 400      00
 401              	.LASF5:
 402 014f 73686F72 		.ascii	"short int\000"
 402      7420696E 
 402      7400
 403              	.LASF13:
 404 0159 646F7562 		.ascii	"double\000"
 404      6C6500
 405              	.LASF6:
 406 0160 73686F72 		.ascii	"short unsigned int\000"
 406      7420756E 
 406      7369676E 
 406      65642069 
 406      6E7400
 407              	.LASF3:
 408 0173 7369676E 		.ascii	"signed char\000"
 408      65642063 
 408      68617200 
 409              	.LASF2:
 410 017f 6C6F6E67 		.ascii	"long double\000"
 410      20646F75 
 410      626C6500 
 411              	.LASF10:
 412 018b 73697A65 		.ascii	"sizetype\000"
 412      74797065 
 412      00
 413              	.LASF12:
 414 0194 666C6F61 		.ascii	"float\000"
 414      7400
 415              	.LASF15:
 416 019a 72656738 		.ascii	"reg8\000"
 416      00
 417              	.LASF19:
ARM GAS  C:\Users\ALVAROGA\AppData\Local\Temp\ccqSKZA7.s 			page 11


 418 019f 433A5C55 		.ascii	"C:\\UGR\\TFG\\Proyecto\\PSoC Creator\\PPG_SerialPor"
 418      47525C54 
 418      46475C50 
 418      726F7965 
 418      63746F5C 
 419 01cd 74436F6D 		.ascii	"tComunication\\PulseOximetry.cydsn\000"
 419      756E6963 
 419      6174696F 
 419      6E5C5075 
 419      6C73654F 
 420              		.ident	"GCC: (GNU Tools for ARM Embedded Processors) 5.4.1 20160609 (release) [ARM/embedded-5-bran
