ARM GAS  C:\Users\ALVAROGA\AppData\Local\Temp\ccA00E7G.s 			page 1


   1              		.syntax unified
   2              		.cpu cortex-m3
   3              		.fpu softvfp
   4              		.eabi_attribute 20, 1
   5              		.eabi_attribute 21, 1
   6              		.eabi_attribute 23, 3
   7              		.eabi_attribute 24, 1
   8              		.eabi_attribute 25, 1
   9              		.eabi_attribute 26, 1
  10              		.eabi_attribute 30, 1
  11              		.eabi_attribute 34, 1
  12              		.eabi_attribute 18, 4
  13              		.thumb
  14              		.syntax unified
  15              		.file	"Filter_1_Coefficients.c"
  16              		.text
  17              	.Ltext0:
  18              		.cfi_sections	.debug_frame
  19              		.global	Filter_1_ChannelABiquadCoefficients
  20              		.section	.rodata
  21              		.align	2
  22              		.type	Filter_1_ChannelABiquadCoefficients, %object
  23              		.size	Filter_1_ChannelABiquadCoefficients, 60
  24              	Filter_1_ChannelABiquadCoefficients:
  25 0000 30       		.byte	48
  26 0001 02       		.byte	2
  27 0002 00       		.byte	0
  28 0003 00       		.byte	0
  29 0004 60       		.byte	96
  30 0005 04       		.byte	4
  31 0006 00       		.byte	0
  32 0007 00       		.byte	0
  33 0008 30       		.byte	48
  34 0009 02       		.byte	2
  35 000a 00       		.byte	0
  36 000b 00       		.byte	0
  37 000c C4       		.byte	-60
  38 000d BF       		.byte	-65
  39 000e 7B       		.byte	123
  40 000f 00       		.byte	0
  41 0010 3D       		.byte	61
  42 0011 1D       		.byte	29
  43 0012 C4       		.byte	-60
  44 0013 00       		.byte	0
  45 0014 AE       		.byte	-82
  46 0015 08       		.byte	8
  47 0016 00       		.byte	0
  48 0017 00       		.byte	0
  49 0018 5D       		.byte	93
  50 0019 11       		.byte	17
  51 001a 00       		.byte	0
  52 001b 00       		.byte	0
  53 001c AE       		.byte	-82
  54 001d 08       		.byte	8
  55 001e 00       		.byte	0
  56 001f 00       		.byte	0
  57 0020 64       		.byte	100
ARM GAS  C:\Users\ALVAROGA\AppData\Local\Temp\ccA00E7G.s 			page 2


  58 0021 4F       		.byte	79
  59 0022 7A       		.byte	122
  60 0023 00       		.byte	0
  61 0024 05       		.byte	5
  62 0025 8E       		.byte	-114
  63 0026 C5       		.byte	-59
  64 0027 00       		.byte	0
  65 0028 97       		.byte	-105
  66 0029 23       		.byte	35
  67 002a 00       		.byte	0
  68 002b 00       		.byte	0
  69 002c 2D       		.byte	45
  70 002d 47       		.byte	71
  71 002e 00       		.byte	0
  72 002f 00       		.byte	0
  73 0030 97       		.byte	-105
  74 0031 23       		.byte	35
  75 0032 00       		.byte	0
  76 0033 00       		.byte	0
  77 0034 BE       		.byte	-66
  78 0035 52       		.byte	82
  79 0036 7E       		.byte	126
  80 0037 00       		.byte	0
  81 0038 88       		.byte	-120
  82 0039 89       		.byte	-119
  83 003a C1       		.byte	-63
  84 003b 00       		.byte	0
  85              		.text
  86              	.Letext0:
  87              		.file 1 "Generated_Source\\PSoC5\\cytypes.h"
  88              		.file 2 "Generated_Source\\PSoC5\\Filter_1_Coefficients.c"
  89              		.section	.debug_info,"",%progbits
  90              	.Ldebug_info0:
  91 0000 BA000000 		.4byte	0xba
  92 0004 0400     		.2byte	0x4
  93 0006 00000000 		.4byte	.Ldebug_abbrev0
  94 000a 04       		.byte	0x4
  95 000b 01       		.uleb128 0x1
  96 000c 3F000000 		.4byte	.LASF14
  97 0010 0C       		.byte	0xc
  98 0011 FC000000 		.4byte	.LASF15
  99 0015 92010000 		.4byte	.LASF16
 100 0019 00000000 		.4byte	.Ldebug_line0
 101 001d 02       		.uleb128 0x2
 102 001e 04       		.byte	0x4
 103 001f 05       		.byte	0x5
 104 0020 696E7400 		.ascii	"int\000"
 105 0024 03       		.uleb128 0x3
 106 0025 04       		.byte	0x4
 107 0026 07       		.byte	0x7
 108 0027 0E000000 		.4byte	.LASF0
 109 002b 03       		.uleb128 0x3
 110 002c 08       		.byte	0x8
 111 002d 05       		.byte	0x5
 112 002e 00000000 		.4byte	.LASF1
 113 0032 03       		.uleb128 0x3
 114 0033 08       		.byte	0x8
ARM GAS  C:\Users\ALVAROGA\AppData\Local\Temp\ccA00E7G.s 			page 3


 115 0034 04       		.byte	0x4
 116 0035 73010000 		.4byte	.LASF2
 117 0039 03       		.uleb128 0x3
 118 003a 01       		.byte	0x1
 119 003b 06       		.byte	0x6
 120 003c 67010000 		.4byte	.LASF3
 121 0040 03       		.uleb128 0x3
 122 0041 01       		.byte	0x1
 123 0042 08       		.byte	0x8
 124 0043 31010000 		.4byte	.LASF4
 125 0047 03       		.uleb128 0x3
 126 0048 02       		.byte	0x2
 127 0049 05       		.byte	0x5
 128 004a 88010000 		.4byte	.LASF5
 129 004e 03       		.uleb128 0x3
 130 004f 02       		.byte	0x2
 131 0050 07       		.byte	0x7
 132 0051 54010000 		.4byte	.LASF6
 133 0055 03       		.uleb128 0x3
 134 0056 04       		.byte	0x4
 135 0057 05       		.byte	0x5
 136 0058 44010000 		.4byte	.LASF7
 137 005c 03       		.uleb128 0x3
 138 005d 04       		.byte	0x4
 139 005e 07       		.byte	0x7
 140 005f D3000000 		.4byte	.LASF8
 141 0063 03       		.uleb128 0x3
 142 0064 08       		.byte	0x8
 143 0065 07       		.byte	0x7
 144 0066 E5000000 		.4byte	.LASF9
 145 006a 03       		.uleb128 0x3
 146 006b 04       		.byte	0x4
 147 006c 07       		.byte	0x7
 148 006d 7F010000 		.4byte	.LASF10
 149 0071 03       		.uleb128 0x3
 150 0072 01       		.byte	0x1
 151 0073 08       		.byte	0x8
 152 0074 3F010000 		.4byte	.LASF11
 153 0078 04       		.uleb128 0x4
 154 0079 CD000000 		.4byte	.LASF17
 155 007d 01       		.byte	0x1
 156 007e E901     		.2byte	0x1e9
 157 0080 40000000 		.4byte	0x40
 158 0084 03       		.uleb128 0x3
 159 0085 04       		.byte	0x4
 160 0086 04       		.byte	0x4
 161 0087 2B010000 		.4byte	.LASF12
 162 008b 03       		.uleb128 0x3
 163 008c 08       		.byte	0x8
 164 008d 04       		.byte	0x4
 165 008e 4D010000 		.4byte	.LASF13
 166 0092 05       		.uleb128 0x5
 167 0093 A2000000 		.4byte	0xa2
 168 0097 A2000000 		.4byte	0xa2
 169 009b 06       		.uleb128 0x6
 170 009c 6A000000 		.4byte	0x6a
 171 00a0 3B       		.byte	0x3b
ARM GAS  C:\Users\ALVAROGA\AppData\Local\Temp\ccA00E7G.s 			page 4


 172 00a1 00       		.byte	0
 173 00a2 07       		.uleb128 0x7
 174 00a3 78000000 		.4byte	0x78
 175 00a7 08       		.uleb128 0x8
 176 00a8 1B000000 		.4byte	.LASF18
 177 00ac 02       		.byte	0x2
 178 00ad 11       		.byte	0x11
 179 00ae B8000000 		.4byte	0xb8
 180 00b2 05       		.uleb128 0x5
 181 00b3 03       		.byte	0x3
 182 00b4 00000000 		.4byte	Filter_1_ChannelABiquadCoefficients
 183 00b8 07       		.uleb128 0x7
 184 00b9 92000000 		.4byte	0x92
 185 00bd 00       		.byte	0
 186              		.section	.debug_abbrev,"",%progbits
 187              	.Ldebug_abbrev0:
 188 0000 01       		.uleb128 0x1
 189 0001 11       		.uleb128 0x11
 190 0002 01       		.byte	0x1
 191 0003 25       		.uleb128 0x25
 192 0004 0E       		.uleb128 0xe
 193 0005 13       		.uleb128 0x13
 194 0006 0B       		.uleb128 0xb
 195 0007 03       		.uleb128 0x3
 196 0008 0E       		.uleb128 0xe
 197 0009 1B       		.uleb128 0x1b
 198 000a 0E       		.uleb128 0xe
 199 000b 10       		.uleb128 0x10
 200 000c 17       		.uleb128 0x17
 201 000d 00       		.byte	0
 202 000e 00       		.byte	0
 203 000f 02       		.uleb128 0x2
 204 0010 24       		.uleb128 0x24
 205 0011 00       		.byte	0
 206 0012 0B       		.uleb128 0xb
 207 0013 0B       		.uleb128 0xb
 208 0014 3E       		.uleb128 0x3e
 209 0015 0B       		.uleb128 0xb
 210 0016 03       		.uleb128 0x3
 211 0017 08       		.uleb128 0x8
 212 0018 00       		.byte	0
 213 0019 00       		.byte	0
 214 001a 03       		.uleb128 0x3
 215 001b 24       		.uleb128 0x24
 216 001c 00       		.byte	0
 217 001d 0B       		.uleb128 0xb
 218 001e 0B       		.uleb128 0xb
 219 001f 3E       		.uleb128 0x3e
 220 0020 0B       		.uleb128 0xb
 221 0021 03       		.uleb128 0x3
 222 0022 0E       		.uleb128 0xe
 223 0023 00       		.byte	0
 224 0024 00       		.byte	0
 225 0025 04       		.uleb128 0x4
 226 0026 16       		.uleb128 0x16
 227 0027 00       		.byte	0
 228 0028 03       		.uleb128 0x3
ARM GAS  C:\Users\ALVAROGA\AppData\Local\Temp\ccA00E7G.s 			page 5


 229 0029 0E       		.uleb128 0xe
 230 002a 3A       		.uleb128 0x3a
 231 002b 0B       		.uleb128 0xb
 232 002c 3B       		.uleb128 0x3b
 233 002d 05       		.uleb128 0x5
 234 002e 49       		.uleb128 0x49
 235 002f 13       		.uleb128 0x13
 236 0030 00       		.byte	0
 237 0031 00       		.byte	0
 238 0032 05       		.uleb128 0x5
 239 0033 01       		.uleb128 0x1
 240 0034 01       		.byte	0x1
 241 0035 49       		.uleb128 0x49
 242 0036 13       		.uleb128 0x13
 243 0037 01       		.uleb128 0x1
 244 0038 13       		.uleb128 0x13
 245 0039 00       		.byte	0
 246 003a 00       		.byte	0
 247 003b 06       		.uleb128 0x6
 248 003c 21       		.uleb128 0x21
 249 003d 00       		.byte	0
 250 003e 49       		.uleb128 0x49
 251 003f 13       		.uleb128 0x13
 252 0040 2F       		.uleb128 0x2f
 253 0041 0B       		.uleb128 0xb
 254 0042 00       		.byte	0
 255 0043 00       		.byte	0
 256 0044 07       		.uleb128 0x7
 257 0045 26       		.uleb128 0x26
 258 0046 00       		.byte	0
 259 0047 49       		.uleb128 0x49
 260 0048 13       		.uleb128 0x13
 261 0049 00       		.byte	0
 262 004a 00       		.byte	0
 263 004b 08       		.uleb128 0x8
 264 004c 34       		.uleb128 0x34
 265 004d 00       		.byte	0
 266 004e 03       		.uleb128 0x3
 267 004f 0E       		.uleb128 0xe
 268 0050 3A       		.uleb128 0x3a
 269 0051 0B       		.uleb128 0xb
 270 0052 3B       		.uleb128 0x3b
 271 0053 0B       		.uleb128 0xb
 272 0054 49       		.uleb128 0x49
 273 0055 13       		.uleb128 0x13
 274 0056 3F       		.uleb128 0x3f
 275 0057 19       		.uleb128 0x19
 276 0058 02       		.uleb128 0x2
 277 0059 18       		.uleb128 0x18
 278 005a 00       		.byte	0
 279 005b 00       		.byte	0
 280 005c 00       		.byte	0
 281              		.section	.debug_aranges,"",%progbits
 282 0000 14000000 		.4byte	0x14
 283 0004 0200     		.2byte	0x2
 284 0006 00000000 		.4byte	.Ldebug_info0
 285 000a 04       		.byte	0x4
ARM GAS  C:\Users\ALVAROGA\AppData\Local\Temp\ccA00E7G.s 			page 6


 286 000b 00       		.byte	0
 287 000c 0000     		.2byte	0
 288 000e 0000     		.2byte	0
 289 0010 00000000 		.4byte	0
 290 0014 00000000 		.4byte	0
 291              		.section	.debug_line,"",%progbits
 292              	.Ldebug_line0:
 293 0000 58000000 		.section	.debug_str,"MS",%progbits,1
 293      02005200 
 293      00000201 
 293      FB0E0D00 
 293      01010101 
 294              	.LASF1:
 295 0000 6C6F6E67 		.ascii	"long long int\000"
 295      206C6F6E 
 295      6720696E 
 295      7400
 296              	.LASF0:
 297 000e 756E7369 		.ascii	"unsigned int\000"
 297      676E6564 
 297      20696E74 
 297      00
 298              	.LASF18:
 299 001b 46696C74 		.ascii	"Filter_1_ChannelABiquadCoefficients\000"
 299      65725F31 
 299      5F436861 
 299      6E6E656C 
 299      41426971 
 300              	.LASF14:
 301 003f 474E5520 		.ascii	"GNU C11 5.4.1 20160609 (release) [ARM/embedded-5-br"
 301      43313120 
 301      352E342E 
 301      31203230 
 301      31363036 
 302 0072 616E6368 		.ascii	"anch revision 237715] -mcpu=cortex-m3 -mthumb -g -O"
 302      20726576 
 302      6973696F 
 302      6E203233 
 302      37373135 
 303 00a5 67202D66 		.ascii	"g -ffunction-sections -ffat-lto-objects\000"
 303      66756E63 
 303      74696F6E 
 303      2D736563 
 303      74696F6E 
 304              	.LASF17:
 305 00cd 75696E74 		.ascii	"uint8\000"
 305      3800
 306              	.LASF8:
 307 00d3 6C6F6E67 		.ascii	"long unsigned int\000"
 307      20756E73 
 307      69676E65 
 307      6420696E 
 307      7400
 308              	.LASF9:
 309 00e5 6C6F6E67 		.ascii	"long long unsigned int\000"
 309      206C6F6E 
 309      6720756E 
ARM GAS  C:\Users\ALVAROGA\AppData\Local\Temp\ccA00E7G.s 			page 7


 309      7369676E 
 309      65642069 
 310              	.LASF15:
 311 00fc 47656E65 		.ascii	"Generated_Source\\PSoC5\\Filter_1_Coefficients.c\000"
 311      72617465 
 311      645F536F 
 311      75726365 
 311      5C50536F 
 312              	.LASF12:
 313 012b 666C6F61 		.ascii	"float\000"
 313      7400
 314              	.LASF4:
 315 0131 756E7369 		.ascii	"unsigned char\000"
 315      676E6564 
 315      20636861 
 315      7200
 316              	.LASF11:
 317 013f 63686172 		.ascii	"char\000"
 317      00
 318              	.LASF7:
 319 0144 6C6F6E67 		.ascii	"long int\000"
 319      20696E74 
 319      00
 320              	.LASF13:
 321 014d 646F7562 		.ascii	"double\000"
 321      6C6500
 322              	.LASF6:
 323 0154 73686F72 		.ascii	"short unsigned int\000"
 323      7420756E 
 323      7369676E 
 323      65642069 
 323      6E7400
 324              	.LASF3:
 325 0167 7369676E 		.ascii	"signed char\000"
 325      65642063 
 325      68617200 
 326              	.LASF2:
 327 0173 6C6F6E67 		.ascii	"long double\000"
 327      20646F75 
 327      626C6500 
 328              	.LASF10:
 329 017f 73697A65 		.ascii	"sizetype\000"
 329      74797065 
 329      00
 330              	.LASF5:
 331 0188 73686F72 		.ascii	"short int\000"
 331      7420696E 
 331      7400
 332              	.LASF16:
 333 0192 433A5C55 		.ascii	"C:\\UGR\\TFG\\Proyecto\\PSoC Creator\\PPG_SerialPor"
 333      47525C54 
 333      46475C50 
 333      726F7965 
 333      63746F5C 
 334 01c0 74436F6D 		.ascii	"tComunication\\PulseOximetry.cydsn\000"
 334      756E6963 
 334      6174696F 
ARM GAS  C:\Users\ALVAROGA\AppData\Local\Temp\ccA00E7G.s 			page 8


 334      6E5C5075 
 334      6C73654F 
 335              		.ident	"GCC: (GNU Tools for ARM Embedded Processors) 5.4.1 20160609 (release) [ARM/embedded-5-bran
