ARM GAS  C:\Users\ALVAROGA\AppData\Local\Temp\ccEvyQ9R.s 			page 1


   1              		.syntax unified
   2              		.cpu cortex-m3
   3              		.fpu softvfp
   4              		.eabi_attribute 20, 1
   5              		.eabi_attribute 21, 1
   6              		.eabi_attribute 23, 3
   7              		.eabi_attribute 24, 1
   8              		.eabi_attribute 25, 1
   9              		.eabi_attribute 26, 1
  10              		.eabi_attribute 30, 1
  11              		.eabi_attribute 34, 1
  12              		.eabi_attribute 18, 4
  13              		.thumb
  14              		.syntax unified
  15              		.file	"TIA_PM.c"
  16              		.text
  17              	.Ltext0:
  18              		.cfi_sections	.debug_frame
  19              		.section	.text.TIA_SaveConfig,"ax",%progbits
  20              		.align	2
  21              		.global	TIA_SaveConfig
  22              		.thumb
  23              		.thumb_func
  24              		.type	TIA_SaveConfig, %function
  25              	TIA_SaveConfig:
  26              	.LFB0:
  27              		.file 1 "Generated_Source\\PSoC5\\TIA_PM.c"
   1:Generated_Source\PSoC5/TIA_PM.c **** /*******************************************************************************
   2:Generated_Source\PSoC5/TIA_PM.c **** * File Name: TIA_PM.c  
   3:Generated_Source\PSoC5/TIA_PM.c **** * Version 2.0
   4:Generated_Source\PSoC5/TIA_PM.c **** *
   5:Generated_Source\PSoC5/TIA_PM.c **** * Description:
   6:Generated_Source\PSoC5/TIA_PM.c **** *  This file provides the power management source code to the API for the 
   7:Generated_Source\PSoC5/TIA_PM.c **** *  TIA component.
   8:Generated_Source\PSoC5/TIA_PM.c **** *
   9:Generated_Source\PSoC5/TIA_PM.c **** * Note:
  10:Generated_Source\PSoC5/TIA_PM.c **** *
  11:Generated_Source\PSoC5/TIA_PM.c **** ********************************************************************************
  12:Generated_Source\PSoC5/TIA_PM.c **** * Copyright 2008-2012, Cypress Semiconductor Corporation.  All rights reserved.
  13:Generated_Source\PSoC5/TIA_PM.c **** * You may use this file only in accordance with the license, terms, conditions, 
  14:Generated_Source\PSoC5/TIA_PM.c **** * disclaimers, and limitations in the end user license agreement accompanying 
  15:Generated_Source\PSoC5/TIA_PM.c **** * the software package with which this file was provided.
  16:Generated_Source\PSoC5/TIA_PM.c **** *******************************************************************************/
  17:Generated_Source\PSoC5/TIA_PM.c **** 
  18:Generated_Source\PSoC5/TIA_PM.c **** #include "TIA.h"
  19:Generated_Source\PSoC5/TIA_PM.c **** 
  20:Generated_Source\PSoC5/TIA_PM.c **** static TIA_BACKUP_STRUCT  TIA_backup;
  21:Generated_Source\PSoC5/TIA_PM.c **** 
  22:Generated_Source\PSoC5/TIA_PM.c **** 
  23:Generated_Source\PSoC5/TIA_PM.c **** /*******************************************************************************  
  24:Generated_Source\PSoC5/TIA_PM.c **** * Function Name: TIA_SaveConfig
  25:Generated_Source\PSoC5/TIA_PM.c **** ********************************************************************************
  26:Generated_Source\PSoC5/TIA_PM.c **** *
  27:Generated_Source\PSoC5/TIA_PM.c **** * Summary:
  28:Generated_Source\PSoC5/TIA_PM.c **** *  Saves the current user configuration registers.
  29:Generated_Source\PSoC5/TIA_PM.c **** *
  30:Generated_Source\PSoC5/TIA_PM.c **** * Parameters:
ARM GAS  C:\Users\ALVAROGA\AppData\Local\Temp\ccEvyQ9R.s 			page 2


  31:Generated_Source\PSoC5/TIA_PM.c **** *  TIA_backup - global structure, where configuration registers are
  32:Generated_Source\PSoC5/TIA_PM.c **** *  stored.
  33:Generated_Source\PSoC5/TIA_PM.c **** *
  34:Generated_Source\PSoC5/TIA_PM.c **** * Return:
  35:Generated_Source\PSoC5/TIA_PM.c **** *  None
  36:Generated_Source\PSoC5/TIA_PM.c **** *
  37:Generated_Source\PSoC5/TIA_PM.c **** *******************************************************************************/
  38:Generated_Source\PSoC5/TIA_PM.c **** void TIA_SaveConfig(void) 
  39:Generated_Source\PSoC5/TIA_PM.c **** {
  28              		.loc 1 39 0
  29              		.cfi_startproc
  30              		@ args = 0, pretend = 0, frame = 0
  31              		@ frame_needed = 0, uses_anonymous_args = 0
  32              		@ link register save eliminated.
  33 0000 7047     		bx	lr
  34              		.cfi_endproc
  35              	.LFE0:
  36              		.size	TIA_SaveConfig, .-TIA_SaveConfig
  37 0002 00BF     		.section	.text.TIA_RestoreConfig,"ax",%progbits
  38              		.align	2
  39              		.global	TIA_RestoreConfig
  40              		.thumb
  41              		.thumb_func
  42              		.type	TIA_RestoreConfig, %function
  43              	TIA_RestoreConfig:
  44              	.LFB1:
  40:Generated_Source\PSoC5/TIA_PM.c ****     /* Nothing to save as registers are System reset on retention flops */
  41:Generated_Source\PSoC5/TIA_PM.c **** }
  42:Generated_Source\PSoC5/TIA_PM.c **** 
  43:Generated_Source\PSoC5/TIA_PM.c **** 
  44:Generated_Source\PSoC5/TIA_PM.c **** /*******************************************************************************  
  45:Generated_Source\PSoC5/TIA_PM.c **** * Function Name: TIA_RestoreConfig
  46:Generated_Source\PSoC5/TIA_PM.c **** ********************************************************************************
  47:Generated_Source\PSoC5/TIA_PM.c **** *
  48:Generated_Source\PSoC5/TIA_PM.c **** * Summary:
  49:Generated_Source\PSoC5/TIA_PM.c **** *  Restores the current user configuration.
  50:Generated_Source\PSoC5/TIA_PM.c **** *
  51:Generated_Source\PSoC5/TIA_PM.c **** * Parameters:
  52:Generated_Source\PSoC5/TIA_PM.c **** *  None
  53:Generated_Source\PSoC5/TIA_PM.c **** *
  54:Generated_Source\PSoC5/TIA_PM.c **** * Return:
  55:Generated_Source\PSoC5/TIA_PM.c **** *  void
  56:Generated_Source\PSoC5/TIA_PM.c **** *
  57:Generated_Source\PSoC5/TIA_PM.c **** *******************************************************************************/
  58:Generated_Source\PSoC5/TIA_PM.c **** void TIA_RestoreConfig(void) 
  59:Generated_Source\PSoC5/TIA_PM.c **** {
  45              		.loc 1 59 0
  46              		.cfi_startproc
  47              		@ args = 0, pretend = 0, frame = 0
  48              		@ frame_needed = 0, uses_anonymous_args = 0
  49              		@ link register save eliminated.
  50 0000 7047     		bx	lr
  51              		.cfi_endproc
  52              	.LFE1:
  53              		.size	TIA_RestoreConfig, .-TIA_RestoreConfig
  54 0002 00BF     		.section	.text.TIA_Sleep,"ax",%progbits
  55              		.align	2
ARM GAS  C:\Users\ALVAROGA\AppData\Local\Temp\ccEvyQ9R.s 			page 3


  56              		.global	TIA_Sleep
  57              		.thumb
  58              		.thumb_func
  59              		.type	TIA_Sleep, %function
  60              	TIA_Sleep:
  61              	.LFB2:
  60:Generated_Source\PSoC5/TIA_PM.c ****     /* Nothing to restore */
  61:Generated_Source\PSoC5/TIA_PM.c **** }
  62:Generated_Source\PSoC5/TIA_PM.c **** 
  63:Generated_Source\PSoC5/TIA_PM.c **** 
  64:Generated_Source\PSoC5/TIA_PM.c **** /*******************************************************************************   
  65:Generated_Source\PSoC5/TIA_PM.c **** * Function Name: TIA_Sleep
  66:Generated_Source\PSoC5/TIA_PM.c **** ********************************************************************************
  67:Generated_Source\PSoC5/TIA_PM.c **** *
  68:Generated_Source\PSoC5/TIA_PM.c **** * Summary:
  69:Generated_Source\PSoC5/TIA_PM.c **** *  Disables block's operation and saves its configuration. Should be called 
  70:Generated_Source\PSoC5/TIA_PM.c **** *  just prior to entering sleep.
  71:Generated_Source\PSoC5/TIA_PM.c **** *
  72:Generated_Source\PSoC5/TIA_PM.c **** * Parameters:
  73:Generated_Source\PSoC5/TIA_PM.c **** *  None
  74:Generated_Source\PSoC5/TIA_PM.c **** *
  75:Generated_Source\PSoC5/TIA_PM.c **** * Return:
  76:Generated_Source\PSoC5/TIA_PM.c **** *  None
  77:Generated_Source\PSoC5/TIA_PM.c **** *
  78:Generated_Source\PSoC5/TIA_PM.c **** * Global variables:
  79:Generated_Source\PSoC5/TIA_PM.c **** *  TIA_backup: The structure field 'enableState' is modified 
  80:Generated_Source\PSoC5/TIA_PM.c **** *  depending on the enable state of the block before entering to sleep mode.
  81:Generated_Source\PSoC5/TIA_PM.c **** *
  82:Generated_Source\PSoC5/TIA_PM.c **** *******************************************************************************/
  83:Generated_Source\PSoC5/TIA_PM.c **** void TIA_Sleep(void) 
  84:Generated_Source\PSoC5/TIA_PM.c **** {
  62              		.loc 1 84 0
  63              		.cfi_startproc
  64              		@ args = 0, pretend = 0, frame = 0
  65              		@ frame_needed = 0, uses_anonymous_args = 0
  66              		.loc 1 84 0
  67 0000 08B5     		push	{r3, lr}
  68              		.cfi_def_cfa_offset 8
  69              		.cfi_offset 3, -8
  70              		.cfi_offset 14, -4
  85:Generated_Source\PSoC5/TIA_PM.c ****     /* Save TIA enable state */
  86:Generated_Source\PSoC5/TIA_PM.c ****     if((TIA_PM_ACT_CFG_REG & TIA_ACT_PWR_EN) != 0u)
  71              		.loc 1 86 0
  72 0002 074B     		ldr	r3, .L7
  73 0004 1B78     		ldrb	r3, [r3]	@ zero_extendqisi2
  74 0006 13F0010F 		tst	r3, #1
  75 000a 05D0     		beq	.L4
  87:Generated_Source\PSoC5/TIA_PM.c ****     {
  88:Generated_Source\PSoC5/TIA_PM.c ****         /* Component is enabled */
  89:Generated_Source\PSoC5/TIA_PM.c ****         TIA_backup.enableState = 1u;
  76              		.loc 1 89 0
  77 000c 0122     		movs	r2, #1
  78 000e 054B     		ldr	r3, .L7+4
  79 0010 1A70     		strb	r2, [r3]
  90:Generated_Source\PSoC5/TIA_PM.c ****         /* Stop the configuration */
  91:Generated_Source\PSoC5/TIA_PM.c ****         TIA_Stop();
  80              		.loc 1 91 0
ARM GAS  C:\Users\ALVAROGA\AppData\Local\Temp\ccEvyQ9R.s 			page 4


  81 0012 FFF7FEFF 		bl	TIA_Stop
  82              	.LVL0:
  83 0016 08BD     		pop	{r3, pc}
  84              	.L4:
  92:Generated_Source\PSoC5/TIA_PM.c ****     }
  93:Generated_Source\PSoC5/TIA_PM.c ****     else
  94:Generated_Source\PSoC5/TIA_PM.c ****     {
  95:Generated_Source\PSoC5/TIA_PM.c ****         /* Component is disabled */
  96:Generated_Source\PSoC5/TIA_PM.c ****         TIA_backup.enableState = 0u;
  85              		.loc 1 96 0
  86 0018 0022     		movs	r2, #0
  87 001a 024B     		ldr	r3, .L7+4
  88 001c 1A70     		strb	r2, [r3]
  89 001e 08BD     		pop	{r3, pc}
  90              	.L8:
  91              		.align	2
  92              	.L7:
  93 0020 A9430040 		.word	1073759145
  94 0024 00000000 		.word	.LANCHOR0
  95              		.cfi_endproc
  96              	.LFE2:
  97              		.size	TIA_Sleep, .-TIA_Sleep
  98              		.section	.text.TIA_Wakeup,"ax",%progbits
  99              		.align	2
 100              		.global	TIA_Wakeup
 101              		.thumb
 102              		.thumb_func
 103              		.type	TIA_Wakeup, %function
 104              	TIA_Wakeup:
 105              	.LFB3:
  97:Generated_Source\PSoC5/TIA_PM.c ****     }
  98:Generated_Source\PSoC5/TIA_PM.c ****     /* Save the configuration */
  99:Generated_Source\PSoC5/TIA_PM.c ****     TIA_SaveConfig();
 100:Generated_Source\PSoC5/TIA_PM.c **** }
 101:Generated_Source\PSoC5/TIA_PM.c **** 
 102:Generated_Source\PSoC5/TIA_PM.c **** 
 103:Generated_Source\PSoC5/TIA_PM.c **** /*******************************************************************************  
 104:Generated_Source\PSoC5/TIA_PM.c **** * Function Name: TIA_Wakeup
 105:Generated_Source\PSoC5/TIA_PM.c **** ********************************************************************************
 106:Generated_Source\PSoC5/TIA_PM.c **** *
 107:Generated_Source\PSoC5/TIA_PM.c **** * Summary:
 108:Generated_Source\PSoC5/TIA_PM.c **** *  Enables block's operation and restores its configuration. Should be called
 109:Generated_Source\PSoC5/TIA_PM.c **** *  just after awaking from sleep.
 110:Generated_Source\PSoC5/TIA_PM.c **** *
 111:Generated_Source\PSoC5/TIA_PM.c **** * Parameters:
 112:Generated_Source\PSoC5/TIA_PM.c **** *  None.
 113:Generated_Source\PSoC5/TIA_PM.c **** *
 114:Generated_Source\PSoC5/TIA_PM.c **** * Return:
 115:Generated_Source\PSoC5/TIA_PM.c **** *  void
 116:Generated_Source\PSoC5/TIA_PM.c **** *
 117:Generated_Source\PSoC5/TIA_PM.c **** * Global variables:
 118:Generated_Source\PSoC5/TIA_PM.c **** *  TIA_backup: The structure field 'enableState' is used to 
 119:Generated_Source\PSoC5/TIA_PM.c **** *  restore the enable state of block after wakeup from sleep mode.
 120:Generated_Source\PSoC5/TIA_PM.c **** * 
 121:Generated_Source\PSoC5/TIA_PM.c **** *******************************************************************************/
 122:Generated_Source\PSoC5/TIA_PM.c **** void TIA_Wakeup(void) 
 123:Generated_Source\PSoC5/TIA_PM.c **** {
ARM GAS  C:\Users\ALVAROGA\AppData\Local\Temp\ccEvyQ9R.s 			page 5


 106              		.loc 1 123 0
 107              		.cfi_startproc
 108              		@ args = 0, pretend = 0, frame = 0
 109              		@ frame_needed = 0, uses_anonymous_args = 0
 110 0000 08B5     		push	{r3, lr}
 111              		.cfi_def_cfa_offset 8
 112              		.cfi_offset 3, -8
 113              		.cfi_offset 14, -4
 124:Generated_Source\PSoC5/TIA_PM.c ****     /* Restore the configuration */
 125:Generated_Source\PSoC5/TIA_PM.c ****     TIA_RestoreConfig();
 126:Generated_Source\PSoC5/TIA_PM.c **** 
 127:Generated_Source\PSoC5/TIA_PM.c ****     /* Enable's the component operation */
 128:Generated_Source\PSoC5/TIA_PM.c ****     if(TIA_backup.enableState == 1u)
 114              		.loc 1 128 0
 115 0002 034B     		ldr	r3, .L12
 116 0004 1B78     		ldrb	r3, [r3]	@ zero_extendqisi2
 117 0006 012B     		cmp	r3, #1
 118 0008 01D1     		bne	.L9
 129:Generated_Source\PSoC5/TIA_PM.c ****     {
 130:Generated_Source\PSoC5/TIA_PM.c ****         TIA_Enable();
 119              		.loc 1 130 0
 120 000a FFF7FEFF 		bl	TIA_Enable
 121              	.LVL1:
 122              	.L9:
 123 000e 08BD     		pop	{r3, pc}
 124              	.L13:
 125              		.align	2
 126              	.L12:
 127 0010 00000000 		.word	.LANCHOR0
 128              		.cfi_endproc
 129              	.LFE3:
 130              		.size	TIA_Wakeup, .-TIA_Wakeup
 131              		.bss
 132              		.align	2
 133              		.set	.LANCHOR0,. + 0
 134              		.type	TIA_backup, %object
 135              		.size	TIA_backup, 4
 136              	TIA_backup:
 137 0000 00000000 		.space	4
 138              		.text
 139              	.Letext0:
 140              		.file 2 "Generated_Source\\PSoC5\\cytypes.h"
 141              		.file 3 "Generated_Source\\PSoC5\\TIA.h"
 142              		.section	.debug_info,"",%progbits
 143              	.Ldebug_info0:
 144 0000 73010000 		.4byte	0x173
 145 0004 0400     		.2byte	0x4
 146 0006 00000000 		.4byte	.Ldebug_abbrev0
 147 000a 04       		.byte	0x4
 148 000b 01       		.uleb128 0x1
 149 000c 58000000 		.4byte	.LASF27
 150 0010 0C       		.byte	0xc
 151 0011 13000000 		.4byte	.LASF28
 152 0015 5A010000 		.4byte	.LASF29
 153 0019 00000000 		.4byte	.Ldebug_ranges0+0
 154 001d 00000000 		.4byte	0
 155 0021 00000000 		.4byte	.Ldebug_line0
ARM GAS  C:\Users\ALVAROGA\AppData\Local\Temp\ccEvyQ9R.s 			page 6


 156 0025 02       		.uleb128 0x2
 157 0026 01       		.byte	0x1
 158 0027 06       		.byte	0x6
 159 0028 2D020000 		.4byte	.LASF0
 160 002c 02       		.uleb128 0x2
 161 002d 01       		.byte	0x1
 162 002e 08       		.byte	0x8
 163 002f 0F010000 		.4byte	.LASF1
 164 0033 02       		.uleb128 0x2
 165 0034 02       		.byte	0x2
 166 0035 05       		.byte	0x5
 167 0036 ED010000 		.4byte	.LASF2
 168 003a 02       		.uleb128 0x2
 169 003b 02       		.byte	0x2
 170 003c 07       		.byte	0x7
 171 003d 00000000 		.4byte	.LASF3
 172 0041 02       		.uleb128 0x2
 173 0042 04       		.byte	0x4
 174 0043 05       		.byte	0x5
 175 0044 FD010000 		.4byte	.LASF4
 176 0048 02       		.uleb128 0x2
 177 0049 04       		.byte	0x4
 178 004a 07       		.byte	0x7
 179 004b EB000000 		.4byte	.LASF5
 180 004f 02       		.uleb128 0x2
 181 0050 08       		.byte	0x8
 182 0051 05       		.byte	0x5
 183 0052 D1010000 		.4byte	.LASF6
 184 0056 02       		.uleb128 0x2
 185 0057 08       		.byte	0x8
 186 0058 07       		.byte	0x7
 187 0059 43010000 		.4byte	.LASF7
 188 005d 03       		.uleb128 0x3
 189 005e 04       		.byte	0x4
 190 005f 05       		.byte	0x5
 191 0060 696E7400 		.ascii	"int\000"
 192 0064 02       		.uleb128 0x2
 193 0065 04       		.byte	0x4
 194 0066 07       		.byte	0x7
 195 0067 36010000 		.4byte	.LASF8
 196 006b 04       		.uleb128 0x4
 197 006c F7010000 		.4byte	.LASF12
 198 0070 02       		.byte	0x2
 199 0071 E901     		.2byte	0x1e9
 200 0073 2C000000 		.4byte	0x2c
 201 0077 02       		.uleb128 0x2
 202 0078 04       		.byte	0x4
 203 0079 04       		.byte	0x4
 204 007a 47000000 		.4byte	.LASF9
 205 007e 02       		.uleb128 0x2
 206 007f 08       		.byte	0x8
 207 0080 04       		.byte	0x4
 208 0081 1D010000 		.4byte	.LASF10
 209 0085 02       		.uleb128 0x2
 210 0086 01       		.byte	0x1
 211 0087 08       		.byte	0x8
 212 0088 E8010000 		.4byte	.LASF11
ARM GAS  C:\Users\ALVAROGA\AppData\Local\Temp\ccEvyQ9R.s 			page 7


 213 008c 04       		.uleb128 0x4
 214 008d E6000000 		.4byte	.LASF13
 215 0091 02       		.byte	0x2
 216 0092 9302     		.2byte	0x293
 217 0094 98000000 		.4byte	0x98
 218 0098 05       		.uleb128 0x5
 219 0099 6B000000 		.4byte	0x6b
 220 009d 02       		.uleb128 0x2
 221 009e 08       		.byte	0x8
 222 009f 04       		.byte	0x4
 223 00a0 21020000 		.4byte	.LASF14
 224 00a4 02       		.uleb128 0x2
 225 00a5 04       		.byte	0x4
 226 00a6 07       		.byte	0x7
 227 00a7 BD010000 		.4byte	.LASF15
 228 00ab 06       		.uleb128 0x6
 229 00ac 04       		.byte	0x4
 230 00ad 03       		.byte	0x3
 231 00ae 2D       		.byte	0x2d
 232 00af E4000000 		.4byte	0xe4
 233 00b3 07       		.uleb128 0x7
 234 00b4 06020000 		.4byte	.LASF16
 235 00b8 03       		.byte	0x3
 236 00b9 2F       		.byte	0x2f
 237 00ba 6B000000 		.4byte	0x6b
 238 00be 00       		.byte	0
 239 00bf 07       		.uleb128 0x7
 240 00c0 B4010000 		.4byte	.LASF17
 241 00c4 03       		.byte	0x3
 242 00c5 30       		.byte	0x30
 243 00c6 6B000000 		.4byte	0x6b
 244 00ca 01       		.byte	0x1
 245 00cb 07       		.uleb128 0x7
 246 00cc DF010000 		.4byte	.LASF18
 247 00d0 03       		.byte	0x3
 248 00d1 31       		.byte	0x31
 249 00d2 6B000000 		.4byte	0x6b
 250 00d6 02       		.byte	0x2
 251 00d7 07       		.uleb128 0x7
 252 00d8 39020000 		.4byte	.LASF19
 253 00dc 03       		.byte	0x3
 254 00dd 32       		.byte	0x32
 255 00de 6B000000 		.4byte	0x6b
 256 00e2 03       		.byte	0x3
 257 00e3 00       		.byte	0
 258 00e4 08       		.uleb128 0x8
 259 00e5 FD000000 		.4byte	.LASF20
 260 00e9 03       		.byte	0x3
 261 00ea 33       		.byte	0x33
 262 00eb AB000000 		.4byte	0xab
 263 00ef 09       		.uleb128 0x9
 264 00f0 12020000 		.4byte	.LASF21
 265 00f4 01       		.byte	0x1
 266 00f5 26       		.byte	0x26
 267 00f6 00000000 		.4byte	.LFB0
 268 00fa 02000000 		.4byte	.LFE0-.LFB0
 269 00fe 01       		.uleb128 0x1
ARM GAS  C:\Users\ALVAROGA\AppData\Local\Temp\ccEvyQ9R.s 			page 8


 270 00ff 9C       		.byte	0x9c
 271 0100 09       		.uleb128 0x9
 272 0101 24010000 		.4byte	.LASF22
 273 0105 01       		.byte	0x1
 274 0106 3A       		.byte	0x3a
 275 0107 00000000 		.4byte	.LFB1
 276 010b 02000000 		.4byte	.LFE1-.LFB1
 277 010f 01       		.uleb128 0x1
 278 0110 9C       		.byte	0x9c
 279 0111 0A       		.uleb128 0xa
 280 0112 AA010000 		.4byte	.LASF23
 281 0116 01       		.byte	0x1
 282 0117 53       		.byte	0x53
 283 0118 00000000 		.4byte	.LFB2
 284 011c 28000000 		.4byte	.LFE2-.LFB2
 285 0120 01       		.uleb128 0x1
 286 0121 9C       		.byte	0x9c
 287 0122 30010000 		.4byte	0x130
 288 0126 0B       		.uleb128 0xb
 289 0127 16000000 		.4byte	.LVL0
 290 012b 60010000 		.4byte	0x160
 291 012f 00       		.byte	0
 292 0130 0A       		.uleb128 0xa
 293 0131 C6010000 		.4byte	.LASF24
 294 0135 01       		.byte	0x1
 295 0136 7A       		.byte	0x7a
 296 0137 00000000 		.4byte	.LFB3
 297 013b 14000000 		.4byte	.LFE3-.LFB3
 298 013f 01       		.uleb128 0x1
 299 0140 9C       		.byte	0x9c
 300 0141 4F010000 		.4byte	0x14f
 301 0145 0B       		.uleb128 0xb
 302 0146 0E000000 		.4byte	.LVL1
 303 014a 6B010000 		.4byte	0x16b
 304 014e 00       		.byte	0
 305 014f 0C       		.uleb128 0xc
 306 0150 4D000000 		.4byte	.LASF30
 307 0154 01       		.byte	0x1
 308 0155 14       		.byte	0x14
 309 0156 E4000000 		.4byte	0xe4
 310 015a 05       		.uleb128 0x5
 311 015b 03       		.byte	0x3
 312 015c 00000000 		.4byte	TIA_backup
 313 0160 0D       		.uleb128 0xd
 314 0161 33000000 		.4byte	.LASF25
 315 0165 33000000 		.4byte	.LASF25
 316 0169 03       		.byte	0x3
 317 016a 3E       		.byte	0x3e
 318 016b 0D       		.uleb128 0xd
 319 016c 3C000000 		.4byte	.LASF26
 320 0170 3C000000 		.4byte	.LASF26
 321 0174 03       		.byte	0x3
 322 0175 47       		.byte	0x47
 323 0176 00       		.byte	0
 324              		.section	.debug_abbrev,"",%progbits
 325              	.Ldebug_abbrev0:
 326 0000 01       		.uleb128 0x1
ARM GAS  C:\Users\ALVAROGA\AppData\Local\Temp\ccEvyQ9R.s 			page 9


 327 0001 11       		.uleb128 0x11
 328 0002 01       		.byte	0x1
 329 0003 25       		.uleb128 0x25
 330 0004 0E       		.uleb128 0xe
 331 0005 13       		.uleb128 0x13
 332 0006 0B       		.uleb128 0xb
 333 0007 03       		.uleb128 0x3
 334 0008 0E       		.uleb128 0xe
 335 0009 1B       		.uleb128 0x1b
 336 000a 0E       		.uleb128 0xe
 337 000b 55       		.uleb128 0x55
 338 000c 17       		.uleb128 0x17
 339 000d 11       		.uleb128 0x11
 340 000e 01       		.uleb128 0x1
 341 000f 10       		.uleb128 0x10
 342 0010 17       		.uleb128 0x17
 343 0011 00       		.byte	0
 344 0012 00       		.byte	0
 345 0013 02       		.uleb128 0x2
 346 0014 24       		.uleb128 0x24
 347 0015 00       		.byte	0
 348 0016 0B       		.uleb128 0xb
 349 0017 0B       		.uleb128 0xb
 350 0018 3E       		.uleb128 0x3e
 351 0019 0B       		.uleb128 0xb
 352 001a 03       		.uleb128 0x3
 353 001b 0E       		.uleb128 0xe
 354 001c 00       		.byte	0
 355 001d 00       		.byte	0
 356 001e 03       		.uleb128 0x3
 357 001f 24       		.uleb128 0x24
 358 0020 00       		.byte	0
 359 0021 0B       		.uleb128 0xb
 360 0022 0B       		.uleb128 0xb
 361 0023 3E       		.uleb128 0x3e
 362 0024 0B       		.uleb128 0xb
 363 0025 03       		.uleb128 0x3
 364 0026 08       		.uleb128 0x8
 365 0027 00       		.byte	0
 366 0028 00       		.byte	0
 367 0029 04       		.uleb128 0x4
 368 002a 16       		.uleb128 0x16
 369 002b 00       		.byte	0
 370 002c 03       		.uleb128 0x3
 371 002d 0E       		.uleb128 0xe
 372 002e 3A       		.uleb128 0x3a
 373 002f 0B       		.uleb128 0xb
 374 0030 3B       		.uleb128 0x3b
 375 0031 05       		.uleb128 0x5
 376 0032 49       		.uleb128 0x49
 377 0033 13       		.uleb128 0x13
 378 0034 00       		.byte	0
 379 0035 00       		.byte	0
 380 0036 05       		.uleb128 0x5
 381 0037 35       		.uleb128 0x35
 382 0038 00       		.byte	0
 383 0039 49       		.uleb128 0x49
ARM GAS  C:\Users\ALVAROGA\AppData\Local\Temp\ccEvyQ9R.s 			page 10


 384 003a 13       		.uleb128 0x13
 385 003b 00       		.byte	0
 386 003c 00       		.byte	0
 387 003d 06       		.uleb128 0x6
 388 003e 13       		.uleb128 0x13
 389 003f 01       		.byte	0x1
 390 0040 0B       		.uleb128 0xb
 391 0041 0B       		.uleb128 0xb
 392 0042 3A       		.uleb128 0x3a
 393 0043 0B       		.uleb128 0xb
 394 0044 3B       		.uleb128 0x3b
 395 0045 0B       		.uleb128 0xb
 396 0046 01       		.uleb128 0x1
 397 0047 13       		.uleb128 0x13
 398 0048 00       		.byte	0
 399 0049 00       		.byte	0
 400 004a 07       		.uleb128 0x7
 401 004b 0D       		.uleb128 0xd
 402 004c 00       		.byte	0
 403 004d 03       		.uleb128 0x3
 404 004e 0E       		.uleb128 0xe
 405 004f 3A       		.uleb128 0x3a
 406 0050 0B       		.uleb128 0xb
 407 0051 3B       		.uleb128 0x3b
 408 0052 0B       		.uleb128 0xb
 409 0053 49       		.uleb128 0x49
 410 0054 13       		.uleb128 0x13
 411 0055 38       		.uleb128 0x38
 412 0056 0B       		.uleb128 0xb
 413 0057 00       		.byte	0
 414 0058 00       		.byte	0
 415 0059 08       		.uleb128 0x8
 416 005a 16       		.uleb128 0x16
 417 005b 00       		.byte	0
 418 005c 03       		.uleb128 0x3
 419 005d 0E       		.uleb128 0xe
 420 005e 3A       		.uleb128 0x3a
 421 005f 0B       		.uleb128 0xb
 422 0060 3B       		.uleb128 0x3b
 423 0061 0B       		.uleb128 0xb
 424 0062 49       		.uleb128 0x49
 425 0063 13       		.uleb128 0x13
 426 0064 00       		.byte	0
 427 0065 00       		.byte	0
 428 0066 09       		.uleb128 0x9
 429 0067 2E       		.uleb128 0x2e
 430 0068 00       		.byte	0
 431 0069 3F       		.uleb128 0x3f
 432 006a 19       		.uleb128 0x19
 433 006b 03       		.uleb128 0x3
 434 006c 0E       		.uleb128 0xe
 435 006d 3A       		.uleb128 0x3a
 436 006e 0B       		.uleb128 0xb
 437 006f 3B       		.uleb128 0x3b
 438 0070 0B       		.uleb128 0xb
 439 0071 27       		.uleb128 0x27
 440 0072 19       		.uleb128 0x19
ARM GAS  C:\Users\ALVAROGA\AppData\Local\Temp\ccEvyQ9R.s 			page 11


 441 0073 11       		.uleb128 0x11
 442 0074 01       		.uleb128 0x1
 443 0075 12       		.uleb128 0x12
 444 0076 06       		.uleb128 0x6
 445 0077 40       		.uleb128 0x40
 446 0078 18       		.uleb128 0x18
 447 0079 9742     		.uleb128 0x2117
 448 007b 19       		.uleb128 0x19
 449 007c 00       		.byte	0
 450 007d 00       		.byte	0
 451 007e 0A       		.uleb128 0xa
 452 007f 2E       		.uleb128 0x2e
 453 0080 01       		.byte	0x1
 454 0081 3F       		.uleb128 0x3f
 455 0082 19       		.uleb128 0x19
 456 0083 03       		.uleb128 0x3
 457 0084 0E       		.uleb128 0xe
 458 0085 3A       		.uleb128 0x3a
 459 0086 0B       		.uleb128 0xb
 460 0087 3B       		.uleb128 0x3b
 461 0088 0B       		.uleb128 0xb
 462 0089 27       		.uleb128 0x27
 463 008a 19       		.uleb128 0x19
 464 008b 11       		.uleb128 0x11
 465 008c 01       		.uleb128 0x1
 466 008d 12       		.uleb128 0x12
 467 008e 06       		.uleb128 0x6
 468 008f 40       		.uleb128 0x40
 469 0090 18       		.uleb128 0x18
 470 0091 9742     		.uleb128 0x2117
 471 0093 19       		.uleb128 0x19
 472 0094 01       		.uleb128 0x1
 473 0095 13       		.uleb128 0x13
 474 0096 00       		.byte	0
 475 0097 00       		.byte	0
 476 0098 0B       		.uleb128 0xb
 477 0099 898201   		.uleb128 0x4109
 478 009c 00       		.byte	0
 479 009d 11       		.uleb128 0x11
 480 009e 01       		.uleb128 0x1
 481 009f 31       		.uleb128 0x31
 482 00a0 13       		.uleb128 0x13
 483 00a1 00       		.byte	0
 484 00a2 00       		.byte	0
 485 00a3 0C       		.uleb128 0xc
 486 00a4 34       		.uleb128 0x34
 487 00a5 00       		.byte	0
 488 00a6 03       		.uleb128 0x3
 489 00a7 0E       		.uleb128 0xe
 490 00a8 3A       		.uleb128 0x3a
 491 00a9 0B       		.uleb128 0xb
 492 00aa 3B       		.uleb128 0x3b
 493 00ab 0B       		.uleb128 0xb
 494 00ac 49       		.uleb128 0x49
 495 00ad 13       		.uleb128 0x13
 496 00ae 02       		.uleb128 0x2
 497 00af 18       		.uleb128 0x18
ARM GAS  C:\Users\ALVAROGA\AppData\Local\Temp\ccEvyQ9R.s 			page 12


 498 00b0 00       		.byte	0
 499 00b1 00       		.byte	0
 500 00b2 0D       		.uleb128 0xd
 501 00b3 2E       		.uleb128 0x2e
 502 00b4 00       		.byte	0
 503 00b5 3F       		.uleb128 0x3f
 504 00b6 19       		.uleb128 0x19
 505 00b7 3C       		.uleb128 0x3c
 506 00b8 19       		.uleb128 0x19
 507 00b9 6E       		.uleb128 0x6e
 508 00ba 0E       		.uleb128 0xe
 509 00bb 03       		.uleb128 0x3
 510 00bc 0E       		.uleb128 0xe
 511 00bd 3A       		.uleb128 0x3a
 512 00be 0B       		.uleb128 0xb
 513 00bf 3B       		.uleb128 0x3b
 514 00c0 0B       		.uleb128 0xb
 515 00c1 00       		.byte	0
 516 00c2 00       		.byte	0
 517 00c3 00       		.byte	0
 518              		.section	.debug_aranges,"",%progbits
 519 0000 34000000 		.4byte	0x34
 520 0004 0200     		.2byte	0x2
 521 0006 00000000 		.4byte	.Ldebug_info0
 522 000a 04       		.byte	0x4
 523 000b 00       		.byte	0
 524 000c 0000     		.2byte	0
 525 000e 0000     		.2byte	0
 526 0010 00000000 		.4byte	.LFB0
 527 0014 02000000 		.4byte	.LFE0-.LFB0
 528 0018 00000000 		.4byte	.LFB1
 529 001c 02000000 		.4byte	.LFE1-.LFB1
 530 0020 00000000 		.4byte	.LFB2
 531 0024 28000000 		.4byte	.LFE2-.LFB2
 532 0028 00000000 		.4byte	.LFB3
 533 002c 14000000 		.4byte	.LFE3-.LFB3
 534 0030 00000000 		.4byte	0
 535 0034 00000000 		.4byte	0
 536              		.section	.debug_ranges,"",%progbits
 537              	.Ldebug_ranges0:
 538 0000 00000000 		.4byte	.LFB0
 539 0004 02000000 		.4byte	.LFE0
 540 0008 00000000 		.4byte	.LFB1
 541 000c 02000000 		.4byte	.LFE1
 542 0010 00000000 		.4byte	.LFB2
 543 0014 28000000 		.4byte	.LFE2
 544 0018 00000000 		.4byte	.LFB3
 545 001c 14000000 		.4byte	.LFE3
 546 0020 00000000 		.4byte	0
 547 0024 00000000 		.4byte	0
 548              		.section	.debug_line,"",%progbits
 549              	.Ldebug_line0:
 550 0000 97000000 		.section	.debug_str,"MS",%progbits,1
 550      02004C00 
 550      00000201 
 550      FB0E0D00 
 550      01010101 
ARM GAS  C:\Users\ALVAROGA\AppData\Local\Temp\ccEvyQ9R.s 			page 13


 551              	.LASF3:
 552 0000 73686F72 		.ascii	"short unsigned int\000"
 552      7420756E 
 552      7369676E 
 552      65642069 
 552      6E7400
 553              	.LASF28:
 554 0013 47656E65 		.ascii	"Generated_Source\\PSoC5\\TIA_PM.c\000"
 554      72617465 
 554      645F536F 
 554      75726365 
 554      5C50536F 
 555              	.LASF25:
 556 0033 5449415F 		.ascii	"TIA_Stop\000"
 556      53746F70 
 556      00
 557              	.LASF26:
 558 003c 5449415F 		.ascii	"TIA_Enable\000"
 558      456E6162 
 558      6C6500
 559              	.LASF9:
 560 0047 666C6F61 		.ascii	"float\000"
 560      7400
 561              	.LASF30:
 562 004d 5449415F 		.ascii	"TIA_backup\000"
 562      6261636B 
 562      757000
 563              	.LASF27:
 564 0058 474E5520 		.ascii	"GNU C11 5.4.1 20160609 (release) [ARM/embedded-5-br"
 564      43313120 
 564      352E342E 
 564      31203230 
 564      31363036 
 565 008b 616E6368 		.ascii	"anch revision 237715] -mcpu=cortex-m3 -mthumb -g -O"
 565      20726576 
 565      6973696F 
 565      6E203233 
 565      37373135 
 566 00be 67202D66 		.ascii	"g -ffunction-sections -ffat-lto-objects\000"
 566      66756E63 
 566      74696F6E 
 566      2D736563 
 566      74696F6E 
 567              	.LASF13:
 568 00e6 72656738 		.ascii	"reg8\000"
 568      00
 569              	.LASF5:
 570 00eb 6C6F6E67 		.ascii	"long unsigned int\000"
 570      20756E73 
 570      69676E65 
 570      6420696E 
 570      7400
 571              	.LASF20:
 572 00fd 5449415F 		.ascii	"TIA_BACKUP_STRUCT\000"
 572      4241434B 
 572      55505F53 
 572      54525543 
ARM GAS  C:\Users\ALVAROGA\AppData\Local\Temp\ccEvyQ9R.s 			page 14


 572      5400
 573              	.LASF1:
 574 010f 756E7369 		.ascii	"unsigned char\000"
 574      676E6564 
 574      20636861 
 574      7200
 575              	.LASF10:
 576 011d 646F7562 		.ascii	"double\000"
 576      6C6500
 577              	.LASF22:
 578 0124 5449415F 		.ascii	"TIA_RestoreConfig\000"
 578      52657374 
 578      6F726543 
 578      6F6E6669 
 578      6700
 579              	.LASF8:
 580 0136 756E7369 		.ascii	"unsigned int\000"
 580      676E6564 
 580      20696E74 
 580      00
 581              	.LASF7:
 582 0143 6C6F6E67 		.ascii	"long long unsigned int\000"
 582      206C6F6E 
 582      6720756E 
 582      7369676E 
 582      65642069 
 583              	.LASF29:
 584 015a 433A5C55 		.ascii	"C:\\UGR\\TFG\\Proyecto\\PSoC Creator\\PPG_SerialPor"
 584      47525C54 
 584      46475C50 
 584      726F7965 
 584      63746F5C 
 585 0188 74436F6D 		.ascii	"tComunication\\PulseOximetry.cydsn\000"
 585      756E6963 
 585      6174696F 
 585      6E5C5075 
 585      6C73654F 
 586              	.LASF23:
 587 01aa 5449415F 		.ascii	"TIA_Sleep\000"
 587      536C6565 
 587      7000
 588              	.LASF17:
 589 01b4 73634352 		.ascii	"scCR0reg\000"
 589      30726567 
 589      00
 590              	.LASF15:
 591 01bd 73697A65 		.ascii	"sizetype\000"
 591      74797065 
 591      00
 592              	.LASF24:
 593 01c6 5449415F 		.ascii	"TIA_Wakeup\000"
 593      57616B65 
 593      757000
 594              	.LASF6:
 595 01d1 6C6F6E67 		.ascii	"long long int\000"
 595      206C6F6E 
 595      6720696E 
ARM GAS  C:\Users\ALVAROGA\AppData\Local\Temp\ccEvyQ9R.s 			page 15


 595      7400
 596              	.LASF18:
 597 01df 73634352 		.ascii	"scCR1Reg\000"
 597      31526567 
 597      00
 598              	.LASF11:
 599 01e8 63686172 		.ascii	"char\000"
 599      00
 600              	.LASF2:
 601 01ed 73686F72 		.ascii	"short int\000"
 601      7420696E 
 601      7400
 602              	.LASF12:
 603 01f7 75696E74 		.ascii	"uint8\000"
 603      3800
 604              	.LASF4:
 605 01fd 6C6F6E67 		.ascii	"long int\000"
 605      20696E74 
 605      00
 606              	.LASF16:
 607 0206 656E6162 		.ascii	"enableState\000"
 607      6C655374 
 607      61746500 
 608              	.LASF21:
 609 0212 5449415F 		.ascii	"TIA_SaveConfig\000"
 609      53617665 
 609      436F6E66 
 609      696700
 610              	.LASF14:
 611 0221 6C6F6E67 		.ascii	"long double\000"
 611      20646F75 
 611      626C6500 
 612              	.LASF0:
 613 022d 7369676E 		.ascii	"signed char\000"
 613      65642063 
 613      68617200 
 614              	.LASF19:
 615 0239 73634352 		.ascii	"scCR2Reg\000"
 615      32526567 
 615      00
 616              		.ident	"GCC: (GNU Tools for ARM Embedded Processors) 5.4.1 20160609 (release) [ARM/embedded-5-bran
